<?xml version="1.0" encoding="UTF-8"?>
<!-- Generated by org.testng.reporters.JUnitReportReporter -->
<testsuite hostname="DESKTOP-OFA3VR4" failures="0" tests="1" name="com.tests.LoginDDT" time="7.257" errors="0" timestamp="2025-10-13T13:27:45 IST" skipped="0">
  <testcase classname="com.tests.LoginDDT" name="loginDDT" time="7.257"/>
</testsuite> <!-- com.tests.LoginDDT -->
